2019-05-09T02:27:44.900Z - normal: Load ~/.CocosCreator/settings.json
2019-05-09T02:27:44.995Z - normal: Initializing Asset Database
2019-05-09T02:27:45.000Z - normal: checking language setting...
2019-05-09T02:27:45.000Z - normal: Language: zh
2019-05-09T02:27:46.408Z - success: preview server running at http://localhost:7456
2019-05-09T02:27:46.463Z - success: protocol editor-framework registered
2019-05-09T02:27:46.464Z - success: protocol app registered
2019-05-09T02:27:46.464Z - success: protocol theme registered
2019-05-09T02:27:46.464Z - success: protocol packages registered
2019-05-09T02:27:46.464Z - success: protocol uuid registerred
2019-05-09T02:27:46.464Z - success: protocol db registerred
2019-05-09T02:27:46.464Z - success: protocol thumbnail registerred
2019-05-09T02:27:46.465Z - success: protocol unpack registerred
2019-05-09T02:27:46.465Z - success: protocol disable-commonjs registerred
2019-05-09T02:27:46.581Z - normal: connected!
2019-05-09T02:27:46.583Z - normal: Check project /Users/admin/Documents/cocos/CrossTheRiver2
2019-05-09T02:27:46.586Z - normal: Initializing project /Users/admin/Documents/cocos/CrossTheRiver2
2019-05-09T02:27:47.115Z - normal: Initializing Cocos2d
2019-05-09T02:27:48.244Z - normal: Initializing engine extends
2019-05-09T02:27:48.351Z - success: asset-db-debugger loaded
2019-05-09T02:27:48.354Z - success: baidu-adapter loaded
2019-05-09T02:27:48.356Z - success: color-picker loaded
2019-05-09T02:27:48.542Z - success: fb-audience-network loaded
2019-05-09T02:27:48.666Z - success: fb-live-stream loaded
2019-05-09T02:27:48.673Z - success: google-play-instant loaded
2019-05-09T02:27:48.683Z - success: huawei-runtime loaded
2019-05-09T02:27:48.686Z - success: jsb-adapter loaded
2019-05-09T02:27:48.695Z - success: oppo-runtime loaded
2019-05-09T02:27:48.711Z - success: package-manager loaded
2019-05-09T02:27:49.020Z - success: qqplay-adapter loaded
2019-05-09T02:27:49.024Z - success: runtime-dev-tools loaded
2019-05-09T02:27:49.039Z - success: sdkbox loaded
2019-05-09T02:27:49.060Z - success: tester loaded
2019-05-09T02:27:49.077Z - success: ui-grid loaded
2019-05-09T02:27:49.093Z - success: ui-kit-preview-extra loaded
2019-05-09T02:27:49.109Z - success: ui-kit-preview loaded
2019-05-09T02:27:49.125Z - success: ui-kit loaded
2019-05-09T02:27:49.139Z - success: ui-tree loaded
2019-05-09T02:27:49.149Z - success: vivo-runtime loaded
2019-05-09T02:27:49.152Z - success: weapp-adapter loaded
2019-05-09T02:27:49.209Z - success: assets loaded
2019-05-09T02:27:49.223Z - success: builder loaded
2019-05-09T02:27:49.763Z - success: cocos-services loaded
2019-05-09T02:27:49.778Z - success: console loaded
2019-05-09T02:27:49.822Z - success: fb-instant-games loaded
2019-05-09T02:27:49.827Z - success: google-instant-games loaded
2019-05-09T02:27:49.841Z - success: hierarchy loaded
2019-05-09T02:27:49.860Z - success: inspector loaded
2019-05-09T02:27:49.863Z - success: keystore loaded
2019-05-09T02:27:49.879Z - success: node-library loaded
2019-05-09T02:27:49.884Z - success: package-asset loaded
2019-05-09T02:27:49.887Z - success: preferences loaded
2019-05-09T02:27:49.897Z - success: project-exporter loaded
2019-05-09T02:27:49.913Z - success: project-importer loaded
2019-05-09T02:27:49.956Z - success: project-settings loaded
2019-05-09T02:27:49.971Z - success: scene loaded
2019-05-09T02:27:49.975Z - success: simulator-debugger loaded
2019-05-09T02:27:49.979Z - success: sprite-editor loaded
2019-05-09T02:27:49.993Z - success: store loaded
2019-05-09T02:27:50.010Z - success: timeline loaded
2019-05-09T02:27:51.225Z - info: Cocos Services load base data!
2019-05-09T02:27:51.918Z - normal: Loading packages
2019-05-09T02:27:51.923Z - normal: Watching packages
2019-05-09T02:27:52.098Z - normal: Run Application
2019-05-09T02:30:44.185Z - normal: Start building with options : {
  "actualPlatform": "web-desktop",
  "android-instant": {
    "REMOTE_SERVER_ROOT": "",
    "host": "",
    "pathPattern": "",
    "recordPath": "",
    "scheme": "https",
    "skipRecord": false
  },
  "apiLevel": "",
  "appABIs": [],
  "appBundle": false,
  "baidugame": {
    "REMOTE_SERVER_ROOT": "",
    "appid": "testappid",
    "orientation": "portrait",
    "subContext": ""
  },
  "buildPath": "/Users/admin/Documents/cocos/CrossTheRiver2/release",
  "debug": false,
  "dest": "/Users/admin/Documents/cocos/CrossTheRiver2/release/web-desktop",
  "embedWebDebugger": false,
  "encryptJs": true,
  "excludeScenes": [],
  "excludedModules": [],
  "fb-instant-games": {},
  "includeSDKBox": false,
  "inlineSpriteFrames": true,
  "inlineSpriteFrames_native": true,
  "md5Cache": false,
  "mergeStartScene": true,
  "optimizeHotUpdate": false,
  "orientation": {
    "landscapeLeft": true,
    "landscapeRight": true,
    "portrait": false,
    "upsideDown": false
  },
  "packageName": "org.cocos2d.helloworld",
  "platform": "web-desktop",
  "previewHeight": "720",
  "previewWidth": "1280",
  "qqplay": {
    "REMOTE_SERVER_ROOT": "",
    "orientation": "portrait",
    "zip": false
  },
  "scenes": [
    "f71a9012-617d-4fb7-8e2d-f32115e7cd25",
    "c02f328e-f528-412a-8925-197d0b4f1f59",
    "55bcdf3c-73fe-417c-a264-0a25f70ac6fb"
  ],
  "sourceMaps": false,
  "startScene": "f71a9012-617d-4fb7-8e2d-f32115e7cd25",
  "template": "link",
  "title": "CrossTheRiver2",
  "useDebugKeystore": true,
  "vsVersion": "auto",
  "webOrientation": "auto",
  "wechatgame": {
    "REMOTE_SERVER_ROOT": "",
    "appid": "wx6ac3f5090a6b99c5",
    "orientation": "portrait",
    "subContext": ""
  },
  "xxteaKey": "14d77a02-8650-4e",
  "zipCompressJs": true,
  "project": "/Users/admin/Documents/cocos/CrossTheRiver2",
  "projectName": "CrossTheRiver2",
  "debugBuildWorker": false
}
2019-05-09T02:30:44.192Z - normal: Building /Users/admin/Documents/cocos/CrossTheRiver2
2019-05-09T02:30:44.192Z - normal: Destination /Users/admin/Documents/cocos/CrossTheRiver2/release/web-desktop
2019-05-09T02:30:44.444Z - normal: Delete /Users/admin/Documents/cocos/CrossTheRiver2/release/web-desktop/subpackages/**/*,/Users/admin/Documents/cocos/CrossTheRiver2/release/web-desktop/**/*
2019-05-09T02:30:47.604Z - normal: Start building assets
2019-05-09T02:30:47.604Z - normal: Start spawn build-worker
2019-05-09T02:30:48.458Z - normal: Finish spawn build-worker
2019-05-09T02:30:48.458Z - normal: Start init build-worker
2019-05-09T02:30:52.782Z - normal: Finish init build-worker
2019-05-09T02:30:52.783Z - normal: Start build-assets in worker
2019-05-09T02:30:53.271Z - normal: Finish build-assets in worker
2019-05-09T02:30:53.276Z - normal: Finish building assets
2019-05-09T02:30:53.292Z - normal: Start building plugin scripts
2019-05-09T02:30:53.353Z - normal: Generating main.js from /Applications/CocosCreator.app/Contents/Resources/static/build-templates/shares/main.js
2019-05-09T02:30:53.374Z - normal: Generating html from /Applications/CocosCreator.app/Contents/Resources/static/build-templates/web-desktop/template/index.html
2019-05-09T02:30:53.400Z - normal: Built to "/Users/admin/Documents/cocos/CrossTheRiver2/release/web-desktop" successfully
2019-05-09T02:31:14.866Z - normal: Start building with options : {
  "actualPlatform": "web-desktop",
  "android-instant": {
    "REMOTE_SERVER_ROOT": "",
    "host": "",
    "pathPattern": "",
    "recordPath": "",
    "scheme": "https",
    "skipRecord": false
  },
  "apiLevel": "",
  "appABIs": [],
  "appBundle": false,
  "baidugame": {
    "REMOTE_SERVER_ROOT": "",
    "appid": "testappid",
    "orientation": "portrait",
    "subContext": ""
  },
  "buildPath": "/Users/admin/Documents/cocos/CrossTheRiver2/release",
  "debug": false,
  "dest": "/Users/admin/Documents/cocos/CrossTheRiver2/release/web-desktop",
  "embedWebDebugger": false,
  "encryptJs": true,
  "excludeScenes": [],
  "excludedModules": [],
  "fb-instant-games": {},
  "includeSDKBox": false,
  "inlineSpriteFrames": true,
  "inlineSpriteFrames_native": true,
  "md5Cache": false,
  "mergeStartScene": true,
  "optimizeHotUpdate": false,
  "orientation": {
    "landscapeLeft": true,
    "landscapeRight": true,
    "portrait": false,
    "upsideDown": false
  },
  "packageName": "org.cocos2d.helloworld",
  "platform": "web-desktop",
  "previewHeight": 600,
  "previewWidth": 800,
  "qqplay": {
    "REMOTE_SERVER_ROOT": "",
    "orientation": "portrait",
    "zip": false
  },
  "scenes": [
    "f71a9012-617d-4fb7-8e2d-f32115e7cd25",
    "c02f328e-f528-412a-8925-197d0b4f1f59",
    "55bcdf3c-73fe-417c-a264-0a25f70ac6fb"
  ],
  "sourceMaps": false,
  "startScene": "f71a9012-617d-4fb7-8e2d-f32115e7cd25",
  "template": "link",
  "title": "CrossTheRiver2",
  "useDebugKeystore": true,
  "vsVersion": "auto",
  "webOrientation": "auto",
  "wechatgame": {
    "REMOTE_SERVER_ROOT": "",
    "appid": "wx6ac3f5090a6b99c5",
    "orientation": "portrait",
    "subContext": ""
  },
  "xxteaKey": "14d77a02-8650-4e",
  "zipCompressJs": true,
  "project": "/Users/admin/Documents/cocos/CrossTheRiver2",
  "projectName": "CrossTheRiver2",
  "debugBuildWorker": false
}
2019-05-09T02:31:14.867Z - normal: Building /Users/admin/Documents/cocos/CrossTheRiver2
2019-05-09T02:31:14.867Z - normal: Destination /Users/admin/Documents/cocos/CrossTheRiver2/release/web-desktop
2019-05-09T02:31:14.868Z - normal: Delete /Users/admin/Documents/cocos/CrossTheRiver2/release/web-desktop/subpackages/**/*,/Users/admin/Documents/cocos/CrossTheRiver2/release/web-desktop/**/*
2019-05-09T02:31:17.971Z - normal: Start building assets
2019-05-09T02:31:17.971Z - normal: Start spawn build-worker
2019-05-09T02:31:18.971Z - normal: Finish spawn build-worker
2019-05-09T02:31:18.971Z - normal: Start init build-worker
2019-05-09T02:31:23.314Z - normal: Finish init build-worker
2019-05-09T02:31:23.316Z - normal: Start build-assets in worker
2019-05-09T02:31:23.889Z - normal: Finish build-assets in worker
2019-05-09T02:31:23.895Z - normal: Finish building assets
2019-05-09T02:31:23.910Z - normal: Start building plugin scripts
2019-05-09T02:31:23.958Z - normal: Generating main.js from /Applications/CocosCreator.app/Contents/Resources/static/build-templates/shares/main.js
2019-05-09T02:31:23.977Z - normal: Generating html from /Applications/CocosCreator.app/Contents/Resources/static/build-templates/web-desktop/template/index.html
2019-05-09T02:31:23.996Z - normal: Built to "/Users/admin/Documents/cocos/CrossTheRiver2/release/web-desktop" successfully
2019-05-09T02:32:44.894Z - normal: Start building with options : {
  "actualPlatform": "web-desktop",
  "android-instant": {
    "REMOTE_SERVER_ROOT": "",
    "host": "",
    "pathPattern": "",
    "recordPath": "",
    "scheme": "https",
    "skipRecord": false
  },
  "apiLevel": "",
  "appABIs": [],
  "appBundle": false,
  "baidugame": {
    "REMOTE_SERVER_ROOT": "",
    "appid": "testappid",
    "orientation": "portrait",
    "subContext": ""
  },
  "buildPath": "/Users/admin/Documents/cocos/CrossTheRiver2/release",
  "debug": false,
  "dest": "/Users/admin/Documents/cocos/CrossTheRiver2/release/web-desktop",
  "embedWebDebugger": false,
  "encryptJs": true,
  "excludeScenes": [],
  "excludedModules": [],
  "fb-instant-games": {},
  "includeSDKBox": false,
  "inlineSpriteFrames": true,
  "inlineSpriteFrames_native": true,
  "md5Cache": false,
  "mergeStartScene": true,
  "optimizeHotUpdate": false,
  "orientation": {
    "landscapeLeft": true,
    "landscapeRight": true,
    "portrait": false,
    "upsideDown": false
  },
  "packageName": "org.cocos2d.helloworld",
  "platform": "web-desktop",
  "previewHeight": 600,
  "previewWidth": 800,
  "qqplay": {
    "REMOTE_SERVER_ROOT": "",
    "orientation": "portrait",
    "zip": false
  },
  "scenes": [
    "f71a9012-617d-4fb7-8e2d-f32115e7cd25",
    "c02f328e-f528-412a-8925-197d0b4f1f59",
    "55bcdf3c-73fe-417c-a264-0a25f70ac6fb"
  ],
  "sourceMaps": false,
  "startScene": "f71a9012-617d-4fb7-8e2d-f32115e7cd25",
  "template": "link",
  "title": "CrossTheRiver2",
  "useDebugKeystore": true,
  "vsVersion": "auto",
  "webOrientation": "auto",
  "wechatgame": {
    "REMOTE_SERVER_ROOT": "",
    "appid": "wx6ac3f5090a6b99c5",
    "orientation": "portrait",
    "subContext": ""
  },
  "xxteaKey": "14d77a02-8650-4e",
  "zipCompressJs": true,
  "project": "/Users/admin/Documents/cocos/CrossTheRiver2",
  "projectName": "CrossTheRiver2",
  "debugBuildWorker": false
}
2019-05-09T02:32:44.899Z - normal: Building /Users/admin/Documents/cocos/CrossTheRiver2
2019-05-09T02:32:44.899Z - normal: Destination /Users/admin/Documents/cocos/CrossTheRiver2/release/web-desktop
2019-05-09T02:32:44.901Z - normal: Delete /Users/admin/Documents/cocos/CrossTheRiver2/release/web-desktop/subpackages/**/*,/Users/admin/Documents/cocos/CrossTheRiver2/release/web-desktop/**/*
2019-05-09T02:32:47.943Z - normal: Start building assets
2019-05-09T02:32:47.943Z - normal: Start spawn build-worker
2019-05-09T02:32:48.791Z - normal: Finish spawn build-worker
2019-05-09T02:32:48.791Z - normal: Start init build-worker
2019-05-09T02:32:53.070Z - normal: Finish init build-worker
2019-05-09T02:32:53.072Z - normal: Start build-assets in worker
2019-05-09T02:32:53.572Z - normal: Finish build-assets in worker
2019-05-09T02:32:53.576Z - normal: Finish building assets
2019-05-09T02:32:53.591Z - normal: Start building plugin scripts
2019-05-09T02:32:53.646Z - normal: Generating main.js from /Applications/CocosCreator.app/Contents/Resources/static/build-templates/shares/main.js
2019-05-09T02:32:53.661Z - normal: Generating html from /Applications/CocosCreator.app/Contents/Resources/static/build-templates/web-desktop/template/index.html
2019-05-09T02:32:53.685Z - normal: Built to "/Users/admin/Documents/cocos/CrossTheRiver2/release/web-desktop" successfully
2019-05-09T02:34:25.738Z - normal: Start building with options : {
  "actualPlatform": "web-desktop",
  "android-instant": {
    "REMOTE_SERVER_ROOT": "",
    "host": "",
    "pathPattern": "",
    "recordPath": "",
    "scheme": "https",
    "skipRecord": false
  },
  "apiLevel": "",
  "appABIs": [],
  "appBundle": false,
  "baidugame": {
    "REMOTE_SERVER_ROOT": "",
    "appid": "testappid",
    "orientation": "portrait",
    "subContext": ""
  },
  "buildPath": "/Users/admin/Documents/cocos/CrossTheRiver2/release",
  "debug": false,
  "dest": "/Users/admin/Documents/cocos/CrossTheRiver2/release/web-desktop",
  "embedWebDebugger": false,
  "encryptJs": true,
  "excludeScenes": [],
  "excludedModules": [],
  "fb-instant-games": {},
  "includeSDKBox": false,
  "inlineSpriteFrames": true,
  "inlineSpriteFrames_native": true,
  "md5Cache": false,
  "mergeStartScene": true,
  "optimizeHotUpdate": false,
  "orientation": {
    "landscapeLeft": true,
    "landscapeRight": true,
    "portrait": false,
    "upsideDown": false
  },
  "packageName": "org.cocos2d.helloworld",
  "platform": "web-desktop",
  "previewHeight": 600,
  "previewWidth": 800,
  "qqplay": {
    "REMOTE_SERVER_ROOT": "",
    "orientation": "portrait",
    "zip": false
  },
  "scenes": [
    "f71a9012-617d-4fb7-8e2d-f32115e7cd25",
    "c02f328e-f528-412a-8925-197d0b4f1f59",
    "55bcdf3c-73fe-417c-a264-0a25f70ac6fb"
  ],
  "sourceMaps": false,
  "startScene": "f71a9012-617d-4fb7-8e2d-f32115e7cd25",
  "template": "link",
  "title": "CrossTheRiver2",
  "useDebugKeystore": true,
  "vsVersion": "auto",
  "webOrientation": "auto",
  "wechatgame": {
    "REMOTE_SERVER_ROOT": "",
    "appid": "wx6ac3f5090a6b99c5",
    "orientation": "portrait",
    "subContext": ""
  },
  "xxteaKey": "14d77a02-8650-4e",
  "zipCompressJs": true,
  "project": "/Users/admin/Documents/cocos/CrossTheRiver2",
  "projectName": "CrossTheRiver2",
  "debugBuildWorker": false
}
2019-05-09T02:34:25.740Z - normal: Building /Users/admin/Documents/cocos/CrossTheRiver2
2019-05-09T02:34:25.741Z - normal: Destination /Users/admin/Documents/cocos/CrossTheRiver2/release/web-desktop
2019-05-09T02:34:25.742Z - normal: Delete /Users/admin/Documents/cocos/CrossTheRiver2/release/web-desktop/subpackages/**/*,/Users/admin/Documents/cocos/CrossTheRiver2/release/web-desktop/**/*
2019-05-09T02:34:28.703Z - normal: Start building assets
2019-05-09T02:34:28.703Z - normal: Start spawn build-worker
2019-05-09T02:34:29.635Z - normal: Finish spawn build-worker
2019-05-09T02:34:29.635Z - normal: Start init build-worker
2019-05-09T02:34:34.334Z - normal: Finish init build-worker
2019-05-09T02:34:34.335Z - normal: Start build-assets in worker
2019-05-09T02:34:34.825Z - normal: Finish build-assets in worker
2019-05-09T02:34:34.830Z - normal: Finish building assets
2019-05-09T02:34:34.842Z - normal: Start building plugin scripts
2019-05-09T02:34:34.901Z - normal: Generating main.js from /Applications/CocosCreator.app/Contents/Resources/static/build-templates/shares/main.js
2019-05-09T02:34:34.920Z - normal: Generating html from /Applications/CocosCreator.app/Contents/Resources/static/build-templates/web-desktop/template/index.html
2019-05-09T02:34:34.939Z - normal: Built to "/Users/admin/Documents/cocos/CrossTheRiver2/release/web-desktop" successfully
2019-05-09T02:34:57.486Z - normal: Start building with options : {
  "actualPlatform": "web-desktop",
  "android-instant": {
    "REMOTE_SERVER_ROOT": "",
    "host": "",
    "pathPattern": "",
    "recordPath": "",
    "scheme": "https",
    "skipRecord": false
  },
  "apiLevel": "",
  "appABIs": [],
  "appBundle": false,
  "baidugame": {
    "REMOTE_SERVER_ROOT": "",
    "appid": "testappid",
    "orientation": "portrait",
    "subContext": ""
  },
  "buildPath": "/Users/admin/Documents/cocos/CrossTheRiver2/release",
  "debug": false,
  "dest": "/Users/admin/Documents/cocos/CrossTheRiver2/release/web-desktop",
  "embedWebDebugger": false,
  "encryptJs": true,
  "excludeScenes": [],
  "excludedModules": [],
  "fb-instant-games": {},
  "includeSDKBox": false,
  "inlineSpriteFrames": true,
  "inlineSpriteFrames_native": true,
  "md5Cache": false,
  "mergeStartScene": true,
  "optimizeHotUpdate": false,
  "orientation": {
    "landscapeLeft": true,
    "landscapeRight": true,
    "portrait": false,
    "upsideDown": false
  },
  "packageName": "org.cocos2d.helloworld",
  "platform": "web-desktop",
  "previewHeight": 600,
  "previewWidth": 800,
  "qqplay": {
    "REMOTE_SERVER_ROOT": "",
    "orientation": "portrait",
    "zip": false
  },
  "scenes": [
    "f71a9012-617d-4fb7-8e2d-f32115e7cd25",
    "c02f328e-f528-412a-8925-197d0b4f1f59",
    "55bcdf3c-73fe-417c-a264-0a25f70ac6fb"
  ],
  "sourceMaps": false,
  "startScene": "f71a9012-617d-4fb7-8e2d-f32115e7cd25",
  "template": "link",
  "title": "CrossTheRiver2",
  "useDebugKeystore": true,
  "vsVersion": "auto",
  "webOrientation": "auto",
  "wechatgame": {
    "REMOTE_SERVER_ROOT": "",
    "appid": "wx6ac3f5090a6b99c5",
    "orientation": "portrait",
    "subContext": ""
  },
  "xxteaKey": "14d77a02-8650-4e",
  "zipCompressJs": true,
  "project": "/Users/admin/Documents/cocos/CrossTheRiver2",
  "projectName": "CrossTheRiver2",
  "debugBuildWorker": false
}
2019-05-09T02:34:57.486Z - normal: Building /Users/admin/Documents/cocos/CrossTheRiver2
2019-05-09T02:34:57.486Z - normal: Destination /Users/admin/Documents/cocos/CrossTheRiver2/release/web-desktop
2019-05-09T02:34:57.488Z - normal: Delete /Users/admin/Documents/cocos/CrossTheRiver2/release/web-desktop/subpackages/**/*,/Users/admin/Documents/cocos/CrossTheRiver2/release/web-desktop/**/*
2019-05-09T02:35:00.686Z - normal: Start building assets
2019-05-09T02:35:00.687Z - normal: Start spawn build-worker
2019-05-09T02:35:01.644Z - normal: Finish spawn build-worker
2019-05-09T02:35:01.644Z - normal: Start init build-worker
2019-05-09T02:35:06.154Z - normal: Finish init build-worker
2019-05-09T02:35:06.154Z - normal: Start build-assets in worker
2019-05-09T02:35:06.662Z - normal: Finish build-assets in worker
2019-05-09T02:35:06.666Z - normal: Finish building assets
2019-05-09T02:35:06.677Z - normal: Start building plugin scripts
2019-05-09T02:35:06.721Z - normal: Generating main.js from /Applications/CocosCreator.app/Contents/Resources/static/build-templates/shares/main.js
2019-05-09T02:35:06.738Z - normal: Generating html from /Applications/CocosCreator.app/Contents/Resources/static/build-templates/web-desktop/template/index.html
2019-05-09T02:35:06.757Z - normal: Built to "/Users/admin/Documents/cocos/CrossTheRiver2/release/web-desktop" successfully
